{"synthetic": false,
 "schemaVersion": "2025-09-10",
 "outputs":
 {"o": ["99720bd6c703b29b.olean"],
  "i": "ebe0873225c5ec2a.ilean",
  "c": "ae5c6bf7f5c976ba.c"},
 "log":
 [{"message":
   ".> LEAN_PATH=/home/vogtb/theorem_stuff/sail-riscv/min3-lean-proofs/.lake/packages/Sail/.lake/build/lib/lean:/home/vogtb/theorem_stuff/sail-riscv/build-min3/model/Lean_RV64D/.lake/build/lib/lean:/home/vogtb/theorem_stuff/sail-riscv/min3-lean-proofs/.lake/build/lib/lean /home/vogtb/.elan/toolchains/leanprover--lean4---v4.29.0/bin/lean /home/vogtb/theorem_stuff/sail-riscv/min3-lean-proofs/Min3Proofs.lean -o /home/vogtb/theorem_stuff/sail-riscv/min3-lean-proofs/.lake/build/lib/lean/Min3Proofs.olean -i /home/vogtb/theorem_stuff/sail-riscv/min3-lean-proofs/.lake/build/lib/lean/Min3Proofs.ilean -c /home/vogtb/theorem_stuff/sail-riscv/min3-lean-proofs/.lake/build/ir/Min3Proofs.c --setup /home/vogtb/theorem_stuff/sail-riscv/min3-lean-proofs/.lake/build/ir/Min3Proofs.setup.json --json",
   "level": "trace"}],
 "inputs":
 [["Min3Proofs:deps",
   [["deps",
     [["min3proofs/Min3Proofs:extraDep",
       [["@min3proofs:extraDep", "00000000000006bb"]]],
      ["imports",
       [["Min3Proofs.Correctness transitive imports (legacy)",
         "adfb1c11a1d376fa"],
        ["Min3Proofs.Correctness:importAllArts", "4354b31db5e613a1"]]]]],
    ["libs",
     [["import dynlibs", "00000000000006bb"],
      ["package external libraries", "00000000000006bb"],
      ["module dynlibs", "00000000000006bb"],
      ["module plugins", "00000000000006bb"]]]]],
  ["Lean 4.29.0, commit 98dc76e3c0a9b856c9b98726b713fb04fab16740",
   "60bb08ef22408c8a"],
  ["/home/vogtb/theorem_stuff/sail-riscv/min3-lean-proofs/Min3Proofs.lean",
   "3493bf0a90a3cbe1"],
  ["options", "00000000000006bb"],
  ["isModule: false", "feefd2a0d3a1847e"],
  ["Module.name: Min3Proofs", "aadc0a987a2bf7ba"],
  ["Package.id?: (some min3proofs)", "1b86bd55cd313577"],
  ["Module.leanArgs: #[]", "00000000000006bb"]],
 "depHash": "63811f7a591b6b30"}